ERROR - 2024-11-24 15:26:13 --> mysqli_sql_exception: You have an error in your SQL syntax; check the manual that corresponds to your MariaDB server version for the right syntax to use near '? 
                    AND modulo.diaSemana = ?
                  LIMIT ?' at line 15 in C:\xampp\htdocs\ProyectoCONALEP153_AppMovil\codeigniter4-framework\system\Database\MySQLi\Connection.php:312
Stack trace:
#0 C:\xampp\htdocs\ProyectoCONALEP153_AppMovil\codeigniter4-framework\system\Database\MySQLi\Connection.php(312): mysqli->query('SELECT \r\n      ...', 0)
#1 C:\xampp\htdocs\ProyectoCONALEP153_AppMovil\codeigniter4-framework\system\Database\BaseConnection.php(734): CodeIgniter\Database\MySQLi\Connection->execute('SELECT \r\n      ...')
#2 C:\xampp\htdocs\ProyectoCONALEP153_AppMovil\codeigniter4-framework\system\Database\BaseConnection.php(648): CodeIgniter\Database\BaseConnection->simpleQuery('SELECT \r\n      ...')
#3 C:\xampp\htdocs\ProyectoCONALEP153_AppMovil\codeigniter4-framework\app\Controllers\API\Modulo.php(263): CodeIgniter\Database\BaseConnection->query('SELECT \r\n      ...', Array)
#4 C:\xampp\htdocs\ProyectoCONALEP153_AppMovil\codeigniter4-framework\system\CodeIgniter.php(933): App\Controllers\API\Modulo->getSiguientesModulos('101')
#5 C:\xampp\htdocs\ProyectoCONALEP153_AppMovil\codeigniter4-framework\system\CodeIgniter.php(509): CodeIgniter\CodeIgniter->runController(Object(App\Controllers\API\Modulo))
#6 C:\xampp\htdocs\ProyectoCONALEP153_AppMovil\codeigniter4-framework\system\CodeIgniter.php(355): CodeIgniter\CodeIgniter->handleRequest(NULL, Object(Config\Cache), false)
#7 C:\xampp\htdocs\ProyectoCONALEP153_AppMovil\codeigniter4-framework\system\Boot.php(325): CodeIgniter\CodeIgniter->run()
#8 C:\xampp\htdocs\ProyectoCONALEP153_AppMovil\codeigniter4-framework\system\Boot.php(67): CodeIgniter\Boot::runCodeIgniter(Object(CodeIgniter\CodeIgniter))
#9 C:\xampp\htdocs\ProyectoCONALEP153_AppMovil\codeigniter4-framework\public\index.php(56): CodeIgniter\Boot::bootWeb(Object(Config\Paths))
#10 {main}
CRITICAL - 2024-11-24 15:26:13 --> CodeIgniter\Database\Exceptions\DatabaseException: You have an error in your SQL syntax; check the manual that corresponds to your MariaDB server version for the right syntax to use near '? 
                    AND modulo.diaSemana = ?
                  LIMIT ?' at line 15
[Method: GET, Route: api/modulo/siguiente/usuario/101]
in SYSTEMPATH\Database\BaseConnection.php on line 688.
 1 APPPATH\Controllers\API\Modulo.php(263): CodeIgniter\Database\BaseConnection->query('SELECT 
                    modulo.horasClase, 
                    modulo.nombreModulo
                  FROM 
                    modulo_grupo
                  JOIN 
                    modulo ON modulo.id_modulo = modulo_grupo.id_modulo
                  JOIN 
                    usuario AS docente ON modulo.id_docente = docente.id_usuario
                  JOIN 
                    grupo ON grupo.id_grupo = modulo_grupo.id_grupo
                  JOIN 
                    grupo_usuario ON grupo.id_grupo = grupo_usuario.id_grupo
                  WHERE 
                    grupo_usuario.id_usuario = ? 
                    AND modulo.diaSemana = ?
                  LIMIT ?', [...])
 2 SYSTEMPATH\CodeIgniter.php(933): App\Controllers\API\Modulo->getSiguientesModulos('101')
 3 SYSTEMPATH\CodeIgniter.php(509): CodeIgniter\CodeIgniter->runController(Object(App\Controllers\API\Modulo))
 4 SYSTEMPATH\CodeIgniter.php(355): CodeIgniter\CodeIgniter->handleRequest(null, Object(Config\Cache), false)
 5 SYSTEMPATH\Boot.php(325): CodeIgniter\CodeIgniter->run()
 6 SYSTEMPATH\Boot.php(67): CodeIgniter\Boot::runCodeIgniter(Object(CodeIgniter\CodeIgniter))
 7 FCPATH\index.php(56): CodeIgniter\Boot::bootWeb(Object(Config\Paths))
CRITICAL - 2024-11-24 15:26:13 --> [Caused by] CodeIgniter\Database\Exceptions\DatabaseException: You have an error in your SQL syntax; check the manual that corresponds to your MariaDB server version for the right syntax to use near '? 
                    AND modulo.diaSemana = ?
                  LIMIT ?' at line 15
in SYSTEMPATH\Database\MySQLi\Connection.php on line 317.
 1 SYSTEMPATH\Database\BaseConnection.php(734): CodeIgniter\Database\MySQLi\Connection->execute('SELECT 
                    modulo.horasClase, 
                    modulo.nombreModulo
                  FROM 
                    modulo_grupo
                  JOIN 
                    modulo ON modulo.id_modulo = modulo_grupo.id_modulo
                  JOIN 
                    usuario AS docente ON modulo.id_docente = docente.id_usuario
                  JOIN 
                    grupo ON grupo.id_grupo = modulo_grupo.id_grupo
                  JOIN 
                    grupo_usuario ON grupo.id_grupo = grupo_usuario.id_grupo
                  WHERE 
                    grupo_usuario.id_usuario = ? 
                    AND modulo.diaSemana = ?
                  LIMIT ?')
 2 SYSTEMPATH\Database\BaseConnection.php(648): CodeIgniter\Database\BaseConnection->simpleQuery('SELECT 
                    modulo.horasClase, 
                    modulo.nombreModulo
                  FROM 
                    modulo_grupo
                  JOIN 
                    modulo ON modulo.id_modulo = modulo_grupo.id_modulo
                  JOIN 
                    usuario AS docente ON modulo.id_docente = docente.id_usuario
                  JOIN 
                    grupo ON grupo.id_grupo = modulo_grupo.id_grupo
                  JOIN 
                    grupo_usuario ON grupo.id_grupo = grupo_usuario.id_grupo
                  WHERE 
                    grupo_usuario.id_usuario = ? 
                    AND modulo.diaSemana = ?
                  LIMIT ?')
 3 APPPATH\Controllers\API\Modulo.php(263): CodeIgniter\Database\BaseConnection->query('SELECT 
                    modulo.horasClase, 
                    modulo.nombreModulo
                  FROM 
                    modulo_grupo
                  JOIN 
                    modulo ON modulo.id_modulo = modulo_grupo.id_modulo
                  JOIN 
                    usuario AS docente ON modulo.id_docente = docente.id_usuario
                  JOIN 
                    grupo ON grupo.id_grupo = modulo_grupo.id_grupo
                  JOIN 
                    grupo_usuario ON grupo.id_grupo = grupo_usuario.id_grupo
                  WHERE 
                    grupo_usuario.id_usuario = ? 
                    AND modulo.diaSemana = ?
                  LIMIT ?', [...])
 4 SYSTEMPATH\CodeIgniter.php(933): App\Controllers\API\Modulo->getSiguientesModulos('101')
 5 SYSTEMPATH\CodeIgniter.php(509): CodeIgniter\CodeIgniter->runController(Object(App\Controllers\API\Modulo))
 6 SYSTEMPATH\CodeIgniter.php(355): CodeIgniter\CodeIgniter->handleRequest(null, Object(Config\Cache), false)
 7 SYSTEMPATH\Boot.php(325): CodeIgniter\CodeIgniter->run()
 8 SYSTEMPATH\Boot.php(67): CodeIgniter\Boot::runCodeIgniter(Object(CodeIgniter\CodeIgniter))
 9 FCPATH\index.php(56): CodeIgniter\Boot::bootWeb(Object(Config\Paths))
CRITICAL - 2024-11-24 15:26:13 --> [Caused by] mysqli_sql_exception: You have an error in your SQL syntax; check the manual that corresponds to your MariaDB server version for the right syntax to use near '? 
                    AND modulo.diaSemana = ?
                  LIMIT ?' at line 15
in SYSTEMPATH\Database\MySQLi\Connection.php on line 312.
 1 SYSTEMPATH\Database\MySQLi\Connection.php(312): mysqli->query('SELECT 
                    modulo.horasClase, 
                    modulo.nombreModulo
                  FROM 
                    modulo_grupo
                  JOIN 
                    modulo ON modulo.id_modulo = modulo_grupo.id_modulo
                  JOIN 
                    usuario AS docente ON modulo.id_docente = docente.id_usuario
                  JOIN 
                    grupo ON grupo.id_grupo = modulo_grupo.id_grupo
                  JOIN 
                    grupo_usuario ON grupo.id_grupo = grupo_usuario.id_grupo
                  WHERE 
                    grupo_usuario.id_usuario = ? 
                    AND modulo.diaSemana = ?
                  LIMIT ?', 0)
 2 SYSTEMPATH\Database\BaseConnection.php(734): CodeIgniter\Database\MySQLi\Connection->execute('SELECT 
                    modulo.horasClase, 
                    modulo.nombreModulo
                  FROM 
                    modulo_grupo
                  JOIN 
                    modulo ON modulo.id_modulo = modulo_grupo.id_modulo
                  JOIN 
                    usuario AS docente ON modulo.id_docente = docente.id_usuario
                  JOIN 
                    grupo ON grupo.id_grupo = modulo_grupo.id_grupo
                  JOIN 
                    grupo_usuario ON grupo.id_grupo = grupo_usuario.id_grupo
                  WHERE 
                    grupo_usuario.id_usuario = ? 
                    AND modulo.diaSemana = ?
                  LIMIT ?')
 3 SYSTEMPATH\Database\BaseConnection.php(648): CodeIgniter\Database\BaseConnection->simpleQuery('SELECT 
                    modulo.horasClase, 
                    modulo.nombreModulo
                  FROM 
                    modulo_grupo
                  JOIN 
                    modulo ON modulo.id_modulo = modulo_grupo.id_modulo
                  JOIN 
                    usuario AS docente ON modulo.id_docente = docente.id_usuario
                  JOIN 
                    grupo ON grupo.id_grupo = modulo_grupo.id_grupo
                  JOIN 
                    grupo_usuario ON grupo.id_grupo = grupo_usuario.id_grupo
                  WHERE 
                    grupo_usuario.id_usuario = ? 
                    AND modulo.diaSemana = ?
                  LIMIT ?')
 4 APPPATH\Controllers\API\Modulo.php(263): CodeIgniter\Database\BaseConnection->query('SELECT 
                    modulo.horasClase, 
                    modulo.nombreModulo
                  FROM 
                    modulo_grupo
                  JOIN 
                    modulo ON modulo.id_modulo = modulo_grupo.id_modulo
                  JOIN 
                    usuario AS docente ON modulo.id_docente = docente.id_usuario
                  JOIN 
                    grupo ON grupo.id_grupo = modulo_grupo.id_grupo
                  JOIN 
                    grupo_usuario ON grupo.id_grupo = grupo_usuario.id_grupo
                  WHERE 
                    grupo_usuario.id_usuario = ? 
                    AND modulo.diaSemana = ?
                  LIMIT ?', [...])
 5 SYSTEMPATH\CodeIgniter.php(933): App\Controllers\API\Modulo->getSiguientesModulos('101')
 6 SYSTEMPATH\CodeIgniter.php(509): CodeIgniter\CodeIgniter->runController(Object(App\Controllers\API\Modulo))
 7 SYSTEMPATH\CodeIgniter.php(355): CodeIgniter\CodeIgniter->handleRequest(null, Object(Config\Cache), false)
 8 SYSTEMPATH\Boot.php(325): CodeIgniter\CodeIgniter->run()
 9 SYSTEMPATH\Boot.php(67): CodeIgniter\Boot::runCodeIgniter(Object(CodeIgniter\CodeIgniter))
10 FCPATH\index.php(56): CodeIgniter\Boot::bootWeb(Object(Config\Paths))
ERROR - 2024-11-24 15:26:20 --> mysqli_sql_exception: You have an error in your SQL syntax; check the manual that corresponds to your MariaDB server version for the right syntax to use near '? 
                    AND modulo.diaSemana = ?
                  LIMIT ?' at line 15 in C:\xampp\htdocs\ProyectoCONALEP153_AppMovil\codeigniter4-framework\system\Database\MySQLi\Connection.php:312
Stack trace:
#0 C:\xampp\htdocs\ProyectoCONALEP153_AppMovil\codeigniter4-framework\system\Database\MySQLi\Connection.php(312): mysqli->query('SELECT \r\n      ...', 0)
#1 C:\xampp\htdocs\ProyectoCONALEP153_AppMovil\codeigniter4-framework\system\Database\BaseConnection.php(734): CodeIgniter\Database\MySQLi\Connection->execute('SELECT \r\n      ...')
#2 C:\xampp\htdocs\ProyectoCONALEP153_AppMovil\codeigniter4-framework\system\Database\BaseConnection.php(648): CodeIgniter\Database\BaseConnection->simpleQuery('SELECT \r\n      ...')
#3 C:\xampp\htdocs\ProyectoCONALEP153_AppMovil\codeigniter4-framework\app\Controllers\API\Modulo.php(263): CodeIgniter\Database\BaseConnection->query('SELECT \r\n      ...', Array)
#4 C:\xampp\htdocs\ProyectoCONALEP153_AppMovil\codeigniter4-framework\system\CodeIgniter.php(933): App\Controllers\API\Modulo->getSiguientesModulos('101')
#5 C:\xampp\htdocs\ProyectoCONALEP153_AppMovil\codeigniter4-framework\system\CodeIgniter.php(509): CodeIgniter\CodeIgniter->runController(Object(App\Controllers\API\Modulo))
#6 C:\xampp\htdocs\ProyectoCONALEP153_AppMovil\codeigniter4-framework\system\CodeIgniter.php(355): CodeIgniter\CodeIgniter->handleRequest(NULL, Object(Config\Cache), false)
#7 C:\xampp\htdocs\ProyectoCONALEP153_AppMovil\codeigniter4-framework\system\Boot.php(325): CodeIgniter\CodeIgniter->run()
#8 C:\xampp\htdocs\ProyectoCONALEP153_AppMovil\codeigniter4-framework\system\Boot.php(67): CodeIgniter\Boot::runCodeIgniter(Object(CodeIgniter\CodeIgniter))
#9 C:\xampp\htdocs\ProyectoCONALEP153_AppMovil\codeigniter4-framework\public\index.php(56): CodeIgniter\Boot::bootWeb(Object(Config\Paths))
#10 {main}
CRITICAL - 2024-11-24 15:26:20 --> CodeIgniter\Database\Exceptions\DatabaseException: You have an error in your SQL syntax; check the manual that corresponds to your MariaDB server version for the right syntax to use near '? 
                    AND modulo.diaSemana = ?
                  LIMIT ?' at line 15
[Method: GET, Route: api/modulo/siguiente/usuario/101]
in SYSTEMPATH\Database\BaseConnection.php on line 688.
 1 APPPATH\Controllers\API\Modulo.php(263): CodeIgniter\Database\BaseConnection->query('SELECT 
                    modulo.horasClase, 
                    modulo.nombreModulo
                  FROM 
                    modulo_grupo
                  JOIN 
                    modulo ON modulo.id_modulo = modulo_grupo.id_modulo
                  JOIN 
                    usuario AS docente ON modulo.id_docente = docente.id_usuario
                  JOIN 
                    grupo ON grupo.id_grupo = modulo_grupo.id_grupo
                  JOIN 
                    grupo_usuario ON grupo.id_grupo = grupo_usuario.id_grupo
                  WHERE 
                    grupo_usuario.id_usuario = ? 
                    AND modulo.diaSemana = ?
                  LIMIT ?', [...])
 2 SYSTEMPATH\CodeIgniter.php(933): App\Controllers\API\Modulo->getSiguientesModulos('101')
 3 SYSTEMPATH\CodeIgniter.php(509): CodeIgniter\CodeIgniter->runController(Object(App\Controllers\API\Modulo))
 4 SYSTEMPATH\CodeIgniter.php(355): CodeIgniter\CodeIgniter->handleRequest(null, Object(Config\Cache), false)
 5 SYSTEMPATH\Boot.php(325): CodeIgniter\CodeIgniter->run()
 6 SYSTEMPATH\Boot.php(67): CodeIgniter\Boot::runCodeIgniter(Object(CodeIgniter\CodeIgniter))
 7 FCPATH\index.php(56): CodeIgniter\Boot::bootWeb(Object(Config\Paths))
CRITICAL - 2024-11-24 15:26:20 --> [Caused by] CodeIgniter\Database\Exceptions\DatabaseException: You have an error in your SQL syntax; check the manual that corresponds to your MariaDB server version for the right syntax to use near '? 
                    AND modulo.diaSemana = ?
                  LIMIT ?' at line 15
in SYSTEMPATH\Database\MySQLi\Connection.php on line 317.
 1 SYSTEMPATH\Database\BaseConnection.php(734): CodeIgniter\Database\MySQLi\Connection->execute('SELECT 
                    modulo.horasClase, 
                    modulo.nombreModulo
                  FROM 
                    modulo_grupo
                  JOIN 
                    modulo ON modulo.id_modulo = modulo_grupo.id_modulo
                  JOIN 
                    usuario AS docente ON modulo.id_docente = docente.id_usuario
                  JOIN 
                    grupo ON grupo.id_grupo = modulo_grupo.id_grupo
                  JOIN 
                    grupo_usuario ON grupo.id_grupo = grupo_usuario.id_grupo
                  WHERE 
                    grupo_usuario.id_usuario = ? 
                    AND modulo.diaSemana = ?
                  LIMIT ?')
 2 SYSTEMPATH\Database\BaseConnection.php(648): CodeIgniter\Database\BaseConnection->simpleQuery('SELECT 
                    modulo.horasClase, 
                    modulo.nombreModulo
                  FROM 
                    modulo_grupo
                  JOIN 
                    modulo ON modulo.id_modulo = modulo_grupo.id_modulo
                  JOIN 
                    usuario AS docente ON modulo.id_docente = docente.id_usuario
                  JOIN 
                    grupo ON grupo.id_grupo = modulo_grupo.id_grupo
                  JOIN 
                    grupo_usuario ON grupo.id_grupo = grupo_usuario.id_grupo
                  WHERE 
                    grupo_usuario.id_usuario = ? 
                    AND modulo.diaSemana = ?
                  LIMIT ?')
 3 APPPATH\Controllers\API\Modulo.php(263): CodeIgniter\Database\BaseConnection->query('SELECT 
                    modulo.horasClase, 
                    modulo.nombreModulo
                  FROM 
                    modulo_grupo
                  JOIN 
                    modulo ON modulo.id_modulo = modulo_grupo.id_modulo
                  JOIN 
                    usuario AS docente ON modulo.id_docente = docente.id_usuario
                  JOIN 
                    grupo ON grupo.id_grupo = modulo_grupo.id_grupo
                  JOIN 
                    grupo_usuario ON grupo.id_grupo = grupo_usuario.id_grupo
                  WHERE 
                    grupo_usuario.id_usuario = ? 
                    AND modulo.diaSemana = ?
                  LIMIT ?', [...])
 4 SYSTEMPATH\CodeIgniter.php(933): App\Controllers\API\Modulo->getSiguientesModulos('101')
 5 SYSTEMPATH\CodeIgniter.php(509): CodeIgniter\CodeIgniter->runController(Object(App\Controllers\API\Modulo))
 6 SYSTEMPATH\CodeIgniter.php(355): CodeIgniter\CodeIgniter->handleRequest(null, Object(Config\Cache), false)
 7 SYSTEMPATH\Boot.php(325): CodeIgniter\CodeIgniter->run()
 8 SYSTEMPATH\Boot.php(67): CodeIgniter\Boot::runCodeIgniter(Object(CodeIgniter\CodeIgniter))
 9 FCPATH\index.php(56): CodeIgniter\Boot::bootWeb(Object(Config\Paths))
CRITICAL - 2024-11-24 15:26:20 --> [Caused by] mysqli_sql_exception: You have an error in your SQL syntax; check the manual that corresponds to your MariaDB server version for the right syntax to use near '? 
                    AND modulo.diaSemana = ?
                  LIMIT ?' at line 15
in SYSTEMPATH\Database\MySQLi\Connection.php on line 312.
 1 SYSTEMPATH\Database\MySQLi\Connection.php(312): mysqli->query('SELECT 
                    modulo.horasClase, 
                    modulo.nombreModulo
                  FROM 
                    modulo_grupo
                  JOIN 
                    modulo ON modulo.id_modulo = modulo_grupo.id_modulo
                  JOIN 
                    usuario AS docente ON modulo.id_docente = docente.id_usuario
                  JOIN 
                    grupo ON grupo.id_grupo = modulo_grupo.id_grupo
                  JOIN 
                    grupo_usuario ON grupo.id_grupo = grupo_usuario.id_grupo
                  WHERE 
                    grupo_usuario.id_usuario = ? 
                    AND modulo.diaSemana = ?
                  LIMIT ?', 0)
 2 SYSTEMPATH\Database\BaseConnection.php(734): CodeIgniter\Database\MySQLi\Connection->execute('SELECT 
                    modulo.horasClase, 
                    modulo.nombreModulo
                  FROM 
                    modulo_grupo
                  JOIN 
                    modulo ON modulo.id_modulo = modulo_grupo.id_modulo
                  JOIN 
                    usuario AS docente ON modulo.id_docente = docente.id_usuario
                  JOIN 
                    grupo ON grupo.id_grupo = modulo_grupo.id_grupo
                  JOIN 
                    grupo_usuario ON grupo.id_grupo = grupo_usuario.id_grupo
                  WHERE 
                    grupo_usuario.id_usuario = ? 
                    AND modulo.diaSemana = ?
                  LIMIT ?')
 3 SYSTEMPATH\Database\BaseConnection.php(648): CodeIgniter\Database\BaseConnection->simpleQuery('SELECT 
                    modulo.horasClase, 
                    modulo.nombreModulo
                  FROM 
                    modulo_grupo
                  JOIN 
                    modulo ON modulo.id_modulo = modulo_grupo.id_modulo
                  JOIN 
                    usuario AS docente ON modulo.id_docente = docente.id_usuario
                  JOIN 
                    grupo ON grupo.id_grupo = modulo_grupo.id_grupo
                  JOIN 
                    grupo_usuario ON grupo.id_grupo = grupo_usuario.id_grupo
                  WHERE 
                    grupo_usuario.id_usuario = ? 
                    AND modulo.diaSemana = ?
                  LIMIT ?')
 4 APPPATH\Controllers\API\Modulo.php(263): CodeIgniter\Database\BaseConnection->query('SELECT 
                    modulo.horasClase, 
                    modulo.nombreModulo
                  FROM 
                    modulo_grupo
                  JOIN 
                    modulo ON modulo.id_modulo = modulo_grupo.id_modulo
                  JOIN 
                    usuario AS docente ON modulo.id_docente = docente.id_usuario
                  JOIN 
                    grupo ON grupo.id_grupo = modulo_grupo.id_grupo
                  JOIN 
                    grupo_usuario ON grupo.id_grupo = grupo_usuario.id_grupo
                  WHERE 
                    grupo_usuario.id_usuario = ? 
                    AND modulo.diaSemana = ?
                  LIMIT ?', [...])
 5 SYSTEMPATH\CodeIgniter.php(933): App\Controllers\API\Modulo->getSiguientesModulos('101')
 6 SYSTEMPATH\CodeIgniter.php(509): CodeIgniter\CodeIgniter->runController(Object(App\Controllers\API\Modulo))
 7 SYSTEMPATH\CodeIgniter.php(355): CodeIgniter\CodeIgniter->handleRequest(null, Object(Config\Cache), false)
 8 SYSTEMPATH\Boot.php(325): CodeIgniter\CodeIgniter->run()
 9 SYSTEMPATH\Boot.php(67): CodeIgniter\Boot::runCodeIgniter(Object(CodeIgniter\CodeIgniter))
10 FCPATH\index.php(56): CodeIgniter\Boot::bootWeb(Object(Config\Paths))
CRITICAL - 2024-11-24 15:44:16 --> Error: Object of class DateTime could not be converted to string
[Method: GET, Route: api/modulo/siguiente/usuario/101]
in APPPATH\Controllers\API\Modulo.php on line 271.
 1 SYSTEMPATH\CodeIgniter.php(933): App\Controllers\API\Modulo->getSiguientesModulos('101')
 2 SYSTEMPATH\CodeIgniter.php(509): CodeIgniter\CodeIgniter->runController(Object(App\Controllers\API\Modulo))
 3 SYSTEMPATH\CodeIgniter.php(355): CodeIgniter\CodeIgniter->handleRequest(null, Object(Config\Cache), false)
 4 SYSTEMPATH\Boot.php(325): CodeIgniter\CodeIgniter->run()
 5 SYSTEMPATH\Boot.php(67): CodeIgniter\Boot::runCodeIgniter(Object(CodeIgniter\CodeIgniter))
 6 FCPATH\index.php(56): CodeIgniter\Boot::bootWeb(Object(Config\Paths))
CRITICAL - 2024-11-24 15:44:36 --> TypeError: Unsupported operand types: DateTime + string
[Method: GET, Route: api/modulo/siguiente/usuario/101]
in APPPATH\Controllers\API\Modulo.php on line 271.
 1 SYSTEMPATH\CodeIgniter.php(933): App\Controllers\API\Modulo->getSiguientesModulos('101')
 2 SYSTEMPATH\CodeIgniter.php(509): CodeIgniter\CodeIgniter->runController(Object(App\Controllers\API\Modulo))
 3 SYSTEMPATH\CodeIgniter.php(355): CodeIgniter\CodeIgniter->handleRequest(null, Object(Config\Cache), false)
 4 SYSTEMPATH\Boot.php(325): CodeIgniter\CodeIgniter->run()
 5 SYSTEMPATH\Boot.php(67): CodeIgniter\Boot::runCodeIgniter(Object(CodeIgniter\CodeIgniter))
 6 FCPATH\index.php(56): CodeIgniter\Boot::bootWeb(Object(Config\Paths))
CRITICAL - 2024-11-24 15:45:02 --> Error: Object of class DateTime could not be converted to string
[Method: GET, Route: api/modulo/siguiente/usuario/101]
in APPPATH\Controllers\API\Modulo.php on line 276.
 1 [internal function]: App\Controllers\API\Modulo->App\Controllers\API\{closure}(Object(stdClass))
 2 APPPATH\Controllers\API\Modulo.php(273): array_filter([...], Object(Closure))
 3 SYSTEMPATH\CodeIgniter.php(933): App\Controllers\API\Modulo->getSiguientesModulos('101')
 4 SYSTEMPATH\CodeIgniter.php(509): CodeIgniter\CodeIgniter->runController(Object(App\Controllers\API\Modulo))
 5 SYSTEMPATH\CodeIgniter.php(355): CodeIgniter\CodeIgniter->handleRequest(null, Object(Config\Cache), false)
 6 SYSTEMPATH\Boot.php(325): CodeIgniter\CodeIgniter->run()
 7 SYSTEMPATH\Boot.php(67): CodeIgniter\Boot::runCodeIgniter(Object(CodeIgniter\CodeIgniter))
 8 FCPATH\index.php(56): CodeIgniter\Boot::bootWeb(Object(Config\Paths))
